
{
  "ip": "123.231.111.136",
  "continent_code": "AS",
  "continent_name": "Asia",
  "country_code2": "LK",
  "country_code3": "LKA",
  "country_name": "Sri Lanka",
  "country_capital": "Colombo",
  "state_prov": "Western",
  "district": "Union Place",
  "city": "Colombo",
  "zipcode": "",
  "latitude": "6.91878",
  "longitude": "79.86113",
  "is_eu": false,
  "calling_code": "+94",
  "country_tld": ".lk",
  "languages": "si,ta,en",
  "country_flag": "https://ipgeolocation.io/static/flags/lk_64.png",
  "geoname_id": "11984772",
  "isp": "MTT Network (Pvt) Ltd",
  "connection_type": "",
  "organization": "Dialog Axiata Plc",
  "currency": {
    "code": "LKR",
    "name": "Sri Lanka Rupee",
    "symbol": "₨"
  },
  "time_zone": {
    "name": "Asia/Colombo",
    "offset": 5.5,
    "current_time": "2021-08-29 18:13:41.442+0530",
    "current_time_unix": 1630241021.442,
    "is_dst": false,
    "dst_savings": 0
  }
}{
  "ip": "123.231.111.136",
  "continent_code": "AS",
  "continent_name": "Asia",
  "country_code2": "LK",
  "country_code3": "LKA",
  "country_name": "Sri Lanka",
  "country_capital": "Colombo",
  "state_prov": "Western",
  "district": "Union Place",
  "city": "Colombo",
  "zipcode": "",
  "latitude": "6.91878",
  "longitude": "79.86113",
  "is_eu": false,
  "calling_code": "+94",
  "country_tld": ".lk",
  "languages": "si,ta,en",
  "country_flag": "https://ipgeolocation.io/static/flags/lk_64.png",
  "geoname_id": "11984772",
  "isp": "MTT Network (Pvt) Ltd",
  "connection_type": "",
  "organization": "Dialog Axiata Plc",
  "currency": {
    "code": "LKR",
    "name": "Sri Lanka Rupee",
    "symbol": "₨"
  },
  "time_zone": {
    "name": "Asia/Colombo",
    "offset": 5.5,
    "current_time": "2021-08-29 18:14:04.787+0530",
    "current_time_unix": 1630241044.787,
    "is_dst": false,
    "dst_savings": 0
  }
}{
  "ip": "123.231.111.136",
  "continent_code": "AS",
  "continent_name": "Asia",
  "country_code2": "LK",
  "country_code3": "LKA",
  "country_name": "Sri Lanka",
  "country_capital": "Colombo",
  "state_prov": "Western",
  "district": "Union Place",
  "city": "Colombo",
  "zipcode": "",
  "latitude": "6.91878",
  "longitude": "79.86113",
  "is_eu": false,
  "calling_code": "+94",
  "country_tld": ".lk",
  "languages": "si,ta,en",
  "country_flag": "https://ipgeolocation.io/static/flags/lk_64.png",
  "geoname_id": "11984772",
  "isp": "MTT Network (Pvt) Ltd",
  "connection_type": "",
  "organization": "Dialog Axiata Plc",
  "currency": {
    "code": "LKR",
    "name": "Sri Lanka Rupee",
    "symbol": "₨"
  },
  "time_zone": {
    "name": "Asia/Colombo",
    "offset": 5.5,
    "current_time": "2021-08-29 18:15:23.528+0530",
    "current_time_unix": 1630241123.528,
    "is_dst": false,
    "dst_savings": 0
  }
}{
  "ip": "123.231.111.136",
  "continent_code": "AS",
  "continent_name": "Asia",
  "country_code2": "LK",
  "country_code3": "LKA",
  "country_name": "Sri Lanka",
  "country_capital": "Colombo",
  "state_prov": "Western",
  "district": "Union Place",
  "city": "Colombo",
  "zipcode": "",
  "latitude": "6.91878",
  "longitude": "79.86113",
  "is_eu": false,
  "calling_code": "+94",
  "country_tld": ".lk",
  "languages": "si,ta,en",
  "country_flag": "https://ipgeolocation.io/static/flags/lk_64.png",
  "geoname_id": "11984772",
  "isp": "MTT Network (Pvt) Ltd",
  "connection_type": "",
  "organization": "Dialog Axiata Plc",
  "currency": {
    "code": "LKR",
    "name": "Sri Lanka Rupee",
    "symbol": "₨"
  },
  "time_zone": {
    "name": "Asia/Colombo",
    "offset": 5.5,
    "current_time": "2021-08-29 18:19:43.190+0530",
    "current_time_unix": 1630241383.19,
    "is_dst": false,
    "dst_savings": 0
  }
}{
  "ip": "123.231.111.136",
  "continent_code": "AS",
  "continent_name": "Asia",
  "country_code2": "LK",
  "country_code3": "LKA",
  "country_name": "Sri Lanka",
  "country_capital": "Colombo",
  "state_prov": "Western",
  "district": "Union Place",
  "city": "Colombo",
  "zipcode": "",
  "latitude": "6.91878",
  "longitude": "79.86113",
  "is_eu": false,
  "calling_code": "+94",
  "country_tld": ".lk",
  "languages": "si,ta,en",
  "country_flag": "https://ipgeolocation.io/static/flags/lk_64.png",
  "geoname_id": "11984772",
  "isp": "MTT Network (Pvt) Ltd",
  "connection_type": "",
  "organization": "Dialog Axiata Plc",
  "currency": {
    "code": "LKR",
    "name": "Sri Lanka Rupee",
    "symbol": "₨"
  },
  "time_zone": {
    "name": "Asia/Colombo",
    "offset": 5.5,
    "current_time": "2021-08-29 18:20:52.290+0530",
    "current_time_unix": 1630241452.29,
    "is_dst": false,
    "dst_savings": 0
  }
}{
  "ip": "123.231.111.136",
  "continent_code": "AS",
  "continent_name": "Asia",
  "country_code2": "LK",
  "country_code3": "LKA",
  "country_name": "Sri Lanka",
  "country_capital": "Colombo",
  "state_prov": "Western",
  "district": "Union Place",
  "city": "Colombo",
  "zipcode": "",
  "latitude": "6.91878",
  "longitude": "79.86113",
  "is_eu": false,
  "calling_code": "+94",
  "country_tld": ".lk",
  "languages": "si,ta,en",
  "country_flag": "https://ipgeolocation.io/static/flags/lk_64.png",
  "geoname_id": "11984772",
  "isp": "MTT Network (Pvt) Ltd",
  "connection_type": "",
  "organization": "Dialog Axiata Plc",
  "currency": {
    "code": "LKR",
    "name": "Sri Lanka Rupee",
    "symbol": "₨"
  },
  "time_zone": {
    "name": "Asia/Colombo",
    "offset": 5.5,
    "current_time": "2021-08-29 18:22:45.246+0530",
    "current_time_unix": 1630241565.246,
    "is_dst": false,
    "dst_savings": 0
  }
}{
  "ip": "123.231.111.136",
  "continent_code": "AS",
  "continent_name": "Asia",
  "country_code2": "LK",
  "country_code3": "LKA",
  "country_name": "Sri Lanka",
  "country_capital": "Colombo",
  "state_prov": "Western",
  "district": "Union Place",
  "city": "Colombo",
  "zipcode": "",
  "latitude": "6.91878",
  "longitude": "79.86113",
  "is_eu": false,
  "calling_code": "+94",
  "country_tld": ".lk",
  "languages": "si,ta,en",
  "country_flag": "https://ipgeolocation.io/static/flags/lk_64.png",
  "geoname_id": "11984772",
  "isp": "MTT Network (Pvt) Ltd",
  "connection_type": "",
  "organization": "Dialog Axiata Plc",
  "currency": {
    "code": "LKR",
    "name": "Sri Lanka Rupee",
    "symbol": "₨"
  },
  "time_zone": {
    "name": "Asia/Colombo",
    "offset": 5.5,
    "current_time": "2021-08-29 18:28:04.971+0530",
    "current_time_unix": 1630241884.971,
    "is_dst": false,
    "dst_savings": 0
  }
}{
  "ip": "123.231.111.136",
  "continent_code": "AS",
  "continent_name": "Asia",
  "country_code2": "LK",
  "country_code3": "LKA",
  "country_name": "Sri Lanka",
  "country_capital": "Colombo",
  "state_prov": "Western",
  "district": "Union Place",
  "city": "Colombo",
  "zipcode": "",
  "latitude": "6.91878",
  "longitude": "79.86113",
  "is_eu": false,
  "calling_code": "+94",
  "country_tld": ".lk",
  "languages": "si,ta,en",
  "country_flag": "https://ipgeolocation.io/static/flags/lk_64.png",
  "geoname_id": "11984772",
  "isp": "MTT Network (Pvt) Ltd",
  "connection_type": "",
  "organization": "Dialog Axiata Plc",
  "currency": {
    "code": "LKR",
    "name": "Sri Lanka Rupee",
    "symbol": "₨"
  },
  "time_zone": {
    "name": "Asia/Colombo",
    "offset": 5.5,
    "current_time": "2021-08-29 18:28:09.418+0530",
    "current_time_unix": 1630241889.418,
    "is_dst": false,
    "dst_savings": 0
  }
}{
  "ip": "54.174.58.230",
  "continent_code": "NA",
  "continent_name": "North America",
  "country_code2": "US",
  "country_code3": "USA",
  "country_name": "United States",
  "country_capital": "Washington, D.C.",
  "state_prov": "Virginia",
  "district": "",
  "city": "",
  "zipcode": "",
  "latitude": "37.54068",
  "longitude": "-77.43367",
  "is_eu": false,
  "calling_code": "+1",
  "country_tld": ".us",
  "languages": "en-US,es-US,haw,fr",
  "country_flag": "https://ipgeolocation.io/static/flags/us_64.png",
  "geoname_id": "4753867",
  "isp": "Amazon Technologies Inc. (EC2)",
  "connection_type": "",
  "organization": "Amazon Technologies Inc.",
  "currency": {
    "code": "USD",
    "name": "US Dollar",
    "symbol": "$"
  },
  "time_zone": {
    "name": "America/New_York",
    "offset": -5,
    "current_time": "2021-08-29 10:27:17.459-0400",
    "current_time_unix": 1630247237.459,
    "is_dst": true,
    "dst_savings": 1
  }
}{
  "ip": "191.101.214.66",
  "continent_code": "NA",
  "continent_name": "North America",
  "country_code2": "US",
  "country_code3": "USA",
  "country_name": "United States",
  "country_capital": "Washington, D.C.",
  "state_prov": "California",
  "district": "Downtown Los Angeles",
  "city": "Los Angeles",
  "zipcode": "90017-3801",
  "latitude": "34.04764",
  "longitude": "-118.25687",
  "is_eu": false,
  "calling_code": "+1",
  "country_tld": ".us",
  "languages": "en-US,es-US,haw,fr",
  "country_flag": "https://ipgeolocation.io/static/flags/us_64.png",
  "geoname_id": "6489111",
  "isp": "Digital Energy Technologies Limited",
  "connection_type": "",
  "organization": "Digital Energy Technologies Ltd.",
  "currency": {
    "code": "USD",
    "name": "US Dollar",
    "symbol": "$"
  },
  "time_zone": {
    "name": "America/Los_Angeles",
    "offset": -8,
    "current_time": "2021-08-29 07:49:19.599-0700",
    "current_time_unix": 1630248559.599,
    "is_dst": true,
    "dst_savings": 1
  }
}{
  "ip": "103.225.202.212",
  "continent_code": "NA",
  "continent_name": "North America",
  "country_code2": "US",
  "country_code3": "USA",
  "country_name": "United States",
  "country_capital": "Washington, D.C.",
  "state_prov": "California",
  "district": "Los Angeles",
  "city": "Los Angeles",
  "zipcode": "90012",
  "latitude": "34.05361",
  "longitude": "-118.24550",
  "is_eu": false,
  "calling_code": "+1",
  "country_tld": ".us",
  "languages": "en-US,es-US,haw,fr",
  "country_flag": "https://ipgeolocation.io/static/flags/us_64.png",
  "geoname_id": "5332870",
  "isp": "HostRoyale Technologies Pvt Ltd",
  "connection_type": "",
  "organization": "HostRoyale Technologies Pvt Ltd",
  "currency": {
    "code": "USD",
    "name": "US Dollar",
    "symbol": "$"
  },
  "time_zone": {
    "name": "America/Los_Angeles",
    "offset": -8,
    "current_time": "2021-08-29 07:49:34.000-0700",
    "current_time_unix": 1630248574,
    "is_dst": true,
    "dst_savings": 1
  }
}{
  "ip": "38.108.182.5",
  "continent_code": "NA",
  "continent_name": "North America",
  "country_code2": "US",
  "country_code3": "USA",
  "country_name": "United States",
  "country_capital": "Washington, D.C.",
  "state_prov": "California",
  "district": "Santa Clara",
  "city": "Santa Clara",
  "zipcode": "95051-7117",
  "latitude": "37.32597",
  "longitude": "-121.97234",
  "is_eu": false,
  "calling_code": "+1",
  "country_tld": ".us",
  "languages": "en-US,es-US,haw,fr",
  "country_flag": "https://ipgeolocation.io/static/flags/us_64.png",
  "geoname_id": "5372318",
  "isp": "SlashNext, Inc.",
  "connection_type": "",
  "organization": "Cogent Communications",
  "currency": {
    "code": "USD",
    "name": "US Dollar",
    "symbol": "$"
  },
  "time_zone": {
    "name": "America/Los_Angeles",
    "offset": -8,
    "current_time": "2021-08-29 08:00:17.512-0700",
    "current_time_unix": 1630249217.512,
    "is_dst": true,
    "dst_savings": 1
  }
}
{
  "ip": "123.231.111.136",
  "continent_code": "AS",
  "continent_name": "Asia",
  "country_code2": "LK",
  "country_code3": "LKA",
  "country_name": "Sri Lanka",
  "country_capital": "Colombo",
  "state_prov": "Western",
  "district": "Union Place",
  "city": "Colombo",
  "zipcode": "",
  "latitude": "6.91878",
  "longitude": "79.86113",
  "is_eu": false,
  "calling_code": "+94",
  "country_tld": ".lk",
  "languages": "si,ta,en",
  "country_flag": "https://ipgeolocation.io/static/flags/lk_64.png",
  "geoname_id": "11984772",
  "isp": "MTT Network (Pvt) Ltd",
  "connection_type": "",
  "organization": "Dialog Axiata Plc",
  "currency": {
    "code": "LKR",
    "name": "Sri Lanka Rupee",
    "symbol": "₨"
  },
  "time_zone": {
    "name": "Asia/Colombo",
    "offset": 5.5,
    "current_time": "2021-08-30 01:07:39.204+0530",
    "current_time_unix": 1630265859.204,
    "is_dst": false,
    "dst_savings": 0
  }
}{
  "ip": "123.231.111.136",
  "continent_code": "AS",
  "continent_name": "Asia",
  "country_code2": "LK",
  "country_code3": "LKA",
  "country_name": "Sri Lanka",
  "country_capital": "Colombo",
  "state_prov": "Western",
  "district": "Union Place",
  "city": "Colombo",
  "zipcode": "",
  "latitude": "6.91878",
  "longitude": "79.86113",
  "is_eu": false,
  "calling_code": "+94",
  "country_tld": ".lk",
  "languages": "si,ta,en",
  "country_flag": "https://ipgeolocation.io/static/flags/lk_64.png",
  "geoname_id": "11984772",
  "isp": "MTT Network (Pvt) Ltd",
  "connection_type": "",
  "organization": "Dialog Axiata Plc",
  "currency": {
    "code": "LKR",
    "name": "Sri Lanka Rupee",
    "symbol": "₨"
  },
  "time_zone": {
    "name": "Asia/Colombo",
    "offset": 5.5,
    "current_time": "2021-08-30 01:07:43.124+0530",
    "current_time_unix": 1630265863.124,
    "is_dst": false,
    "dst_savings": 0
  }
}{
  "ip": "123.231.111.136",
  "continent_code": "AS",
  "continent_name": "Asia",
  "country_code2": "LK",
  "country_code3": "LKA",
  "country_name": "Sri Lanka",
  "country_capital": "Colombo",
  "state_prov": "Western",
  "district": "Union Place",
  "city": "Colombo",
  "zipcode": "",
  "latitude": "6.91878",
  "longitude": "79.86113",
  "is_eu": false,
  "calling_code": "+94",
  "country_tld": ".lk",
  "languages": "si,ta,en",
  "country_flag": "https://ipgeolocation.io/static/flags/lk_64.png",
  "geoname_id": "11984772",
  "isp": "MTT Network (Pvt) Ltd",
  "connection_type": "",
  "organization": "Dialog Axiata Plc",
  "currency": {
    "code": "LKR",
    "name": "Sri Lanka Rupee",
    "symbol": "₨"
  },
  "time_zone": {
    "name": "Asia/Colombo",
    "offset": 5.5,
    "current_time": "2021-08-30 01:10:19.108+0530",
    "current_time_unix": 1630266019.108,
    "is_dst": false,
    "dst_savings": 0
  }
}{
  "ip": "123.231.111.136",
  "continent_code": "AS",
  "continent_name": "Asia",
  "country_code2": "LK",
  "country_code3": "LKA",
  "country_name": "Sri Lanka",
  "country_capital": "Colombo",
  "state_prov": "Western",
  "district": "Union Place",
  "city": "Colombo",
  "zipcode": "",
  "latitude": "6.91878",
  "longitude": "79.86113",
  "is_eu": false,
  "calling_code": "+94",
  "country_tld": ".lk",
  "languages": "si,ta,en",
  "country_flag": "https://ipgeolocation.io/static/flags/lk_64.png",
  "geoname_id": "11984772",
  "isp": "MTT Network (Pvt) Ltd",
  "connection_type": "",
  "organization": "Dialog Axiata Plc",
  "currency": {
    "code": "LKR",
    "name": "Sri Lanka Rupee",
    "symbol": "₨"
  },
  "time_zone": {
    "name": "Asia/Colombo",
    "offset": 5.5,
    "current_time": "2021-08-30 01:10:33.377+0530",
    "current_time_unix": 1630266033.377,
    "is_dst": false,
    "dst_savings": 0
  }
}{
  "ip": "123.231.111.136",
  "continent_code": "AS",
  "continent_name": "Asia",
  "country_code2": "LK",
  "country_code3": "LKA",
  "country_name": "Sri Lanka",
  "country_capital": "Colombo",
  "state_prov": "Western",
  "district": "Union Place",
  "city": "Colombo",
  "zipcode": "",
  "latitude": "6.91878",
  "longitude": "79.86113",
  "is_eu": false,
  "calling_code": "+94",
  "country_tld": ".lk",
  "languages": "si,ta,en",
  "country_flag": "https://ipgeolocation.io/static/flags/lk_64.png",
  "geoname_id": "11984772",
  "isp": "MTT Network (Pvt) Ltd",
  "connection_type": "",
  "organization": "Dialog Axiata Plc",
  "currency": {
    "code": "LKR",
    "name": "Sri Lanka Rupee",
    "symbol": "₨"
  },
  "time_zone": {
    "name": "Asia/Colombo",
    "offset": 5.5,
    "current_time": "2021-08-30 01:39:22.910+0530",
    "current_time_unix": 1630267762.91,
    "is_dst": false,
    "dst_savings": 0
  }
}{
  "ip": "123.231.111.136",
  "continent_code": "AS",
  "continent_name": "Asia",
  "country_code2": "LK",
  "country_code3": "LKA",
  "country_name": "Sri Lanka",
  "country_capital": "Colombo",
  "state_prov": "Western",
  "district": "Union Place",
  "city": "Colombo",
  "zipcode": "",
  "latitude": "6.91878",
  "longitude": "79.86113",
  "is_eu": false,
  "calling_code": "+94",
  "country_tld": ".lk",
  "languages": "si,ta,en",
  "country_flag": "https://ipgeolocation.io/static/flags/lk_64.png",
  "geoname_id": "11984772",
  "isp": "MTT Network (Pvt) Ltd",
  "connection_type": "",
  "organization": "Dialog Axiata Plc",
  "currency": {
    "code": "LKR",
    "name": "Sri Lanka Rupee",
    "symbol": "₨"
  },
  "time_zone": {
    "name": "Asia/Colombo",
    "offset": 5.5,
    "current_time": "2021-08-30 02:10:22.241+0530",
    "current_time_unix": 1630269622.241,
    "is_dst": false,
    "dst_savings": 0
  }
}{
  "ip": "123.231.111.136",
  "continent_code": "AS",
  "continent_name": "Asia",
  "country_code2": "LK",
  "country_code3": "LKA",
  "country_name": "Sri Lanka",
  "country_capital": "Colombo",
  "state_prov": "Western",
  "district": "Union Place",
  "city": "Colombo",
  "zipcode": "",
  "latitude": "6.91878",
  "longitude": "79.86113",
  "is_eu": false,
  "calling_code": "+94",
  "country_tld": ".lk",
  "languages": "si,ta,en",
  "country_flag": "https://ipgeolocation.io/static/flags/lk_64.png",
  "geoname_id": "11984772",
  "isp": "MTT Network (Pvt) Ltd",
  "connection_type": "",
  "organization": "Dialog Axiata Plc",
  "currency": {
    "code": "LKR",
    "name": "Sri Lanka Rupee",
    "symbol": "₨"
  },
  "time_zone": {
    "name": "Asia/Colombo",
    "offset": 5.5,
    "current_time": "2021-08-30 02:10:37.146+0530",
    "current_time_unix": 1630269637.146,
    "is_dst": false,
    "dst_savings": 0
  }
}{
  "ip": "123.231.126.109",
  "continent_code": "AS",
  "continent_name": "Asia",
  "country_code2": "LK",
  "country_code3": "LKA",
  "country_name": "Sri Lanka",
  "country_capital": "Colombo",
  "state_prov": "Western",
  "district": "Union Place",
  "city": "Colombo",
  "zipcode": "",
  "latitude": "6.91878",
  "longitude": "79.86113",
  "is_eu": false,
  "calling_code": "+94",
  "country_tld": ".lk",
  "languages": "si,ta,en",
  "country_flag": "https://ipgeolocation.io/static/flags/lk_64.png",
  "geoname_id": "11984772",
  "isp": "MTT Network (Pvt) Ltd",
  "connection_type": "",
  "organization": "Dialog Axiata Plc",
  "currency": {
    "code": "LKR",
    "name": "Sri Lanka Rupee",
    "symbol": "₨"
  },
  "time_zone": {
    "name": "Asia/Colombo",
    "offset": 5.5,
    "current_time": "2021-09-04 19:15:02.871+0530",
    "current_time_unix": 1630763102.871,
    "is_dst": false,
    "dst_savings": 0
  }
}{
  "ip": "123.231.126.109",
  "continent_code": "AS",
  "continent_name": "Asia",
  "country_code2": "LK",
  "country_code3": "LKA",
  "country_name": "Sri Lanka",
  "country_capital": "Colombo",
  "state_prov": "Western",
  "district": "Union Place",
  "city": "Colombo",
  "zipcode": "",
  "latitude": "6.91878",
  "longitude": "79.86113",
  "is_eu": false,
  "calling_code": "+94",
  "country_tld": ".lk",
  "languages": "si,ta,en",
  "country_flag": "https://ipgeolocation.io/static/flags/lk_64.png",
  "geoname_id": "11984772",
  "isp": "MTT Network (Pvt) Ltd",
  "connection_type": "",
  "organization": "Dialog Axiata Plc",
  "currency": {
    "code": "LKR",
    "name": "Sri Lanka Rupee",
    "symbol": "₨"
  },
  "time_zone": {
    "name": "Asia/Colombo",
    "offset": 5.5,
    "current_time": "2021-09-04 19:20:49.325+0530",
    "current_time_unix": 1630763449.325,
    "is_dst": false,
    "dst_savings": 0
  }
}{
  "ip": "123.231.126.109",
  "continent_code": "AS",
  "continent_name": "Asia",
  "country_code2": "LK",
  "country_code3": "LKA",
  "country_name": "Sri Lanka",
  "country_capital": "Colombo",
  "state_prov": "Western",
  "district": "Union Place",
  "city": "Colombo",
  "zipcode": "",
  "latitude": "6.91878",
  "longitude": "79.86113",
  "is_eu": false,
  "calling_code": "+94",
  "country_tld": ".lk",
  "languages": "si,ta,en",
  "country_flag": "https://ipgeolocation.io/static/flags/lk_64.png",
  "geoname_id": "11984772",
  "isp": "MTT Network (Pvt) Ltd",
  "connection_type": "",
  "organization": "Dialog Axiata Plc",
  "currency": {
    "code": "LKR",
    "name": "Sri Lanka Rupee",
    "symbol": "₨"
  },
  "time_zone": {
    "name": "Asia/Colombo",
    "offset": 5.5,
    "current_time": "2021-09-04 19:24:27.319+0530",
    "current_time_unix": 1630763667.319,
    "is_dst": false,
    "dst_savings": 0
  }
}{
  "ip": "123.231.126.109",
  "continent_code": "AS",
  "continent_name": "Asia",
  "country_code2": "LK",
  "country_code3": "LKA",
  "country_name": "Sri Lanka",
  "country_capital": "Colombo",
  "state_prov": "Western",
  "district": "Union Place",
  "city": "Colombo",
  "zipcode": "",
  "latitude": "6.91878",
  "longitude": "79.86113",
  "is_eu": false,
  "calling_code": "+94",
  "country_tld": ".lk",
  "languages": "si,ta,en",
  "country_flag": "https://ipgeolocation.io/static/flags/lk_64.png",
  "geoname_id": "11984772",
  "isp": "MTT Network (Pvt) Ltd",
  "connection_type": "",
  "organization": "Dialog Axiata Plc",
  "currency": {
    "code": "LKR",
    "name": "Sri Lanka Rupee",
    "symbol": "₨"
  },
  "time_zone": {
    "name": "Asia/Colombo",
    "offset": 5.5,
    "current_time": "2021-09-04 19:25:13.089+0530",
    "current_time_unix": 1630763713.089,
    "is_dst": false,
    "dst_savings": 0
  }
}{
  "ip": "123.231.126.109",
  "continent_code": "AS",
  "continent_name": "Asia",
  "country_code2": "LK",
  "country_code3": "LKA",
  "country_name": "Sri Lanka",
  "country_capital": "Colombo",
  "state_prov": "Western",
  "district": "Union Place",
  "city": "Colombo",
  "zipcode": "",
  "latitude": "6.91878",
  "longitude": "79.86113",
  "is_eu": false,
  "calling_code": "+94",
  "country_tld": ".lk",
  "languages": "si,ta,en",
  "country_flag": "https://ipgeolocation.io/static/flags/lk_64.png",
  "geoname_id": "11984772",
  "isp": "MTT Network (Pvt) Ltd",
  "connection_type": "",
  "organization": "Dialog Axiata Plc",
  "currency": {
    "code": "LKR",
    "name": "Sri Lanka Rupee",
    "symbol": "₨"
  },
  "time_zone": {
    "name": "Asia/Colombo",
    "offset": 5.5,
    "current_time": "2021-09-04 19:26:16.942+0530",
    "current_time_unix": 1630763776.942,
    "is_dst": false,
    "dst_savings": 0
  }
}{
  "ip": "123.231.126.109",
  "continent_code": "AS",
  "continent_name": "Asia",
  "country_code2": "LK",
  "country_code3": "LKA",
  "country_name": "Sri Lanka",
  "country_capital": "Colombo",
  "state_prov": "Western",
  "district": "Union Place",
  "city": "Colombo",
  "zipcode": "",
  "latitude": "6.91878",
  "longitude": "79.86113",
  "is_eu": false,
  "calling_code": "+94",
  "country_tld": ".lk",
  "languages": "si,ta,en",
  "country_flag": "https://ipgeolocation.io/static/flags/lk_64.png",
  "geoname_id": "11984772",
  "isp": "MTT Network (Pvt) Ltd",
  "connection_type": "",
  "organization": "Dialog Axiata Plc",
  "currency": {
    "code": "LKR",
    "name": "Sri Lanka Rupee",
    "symbol": "₨"
  },
  "time_zone": {
    "name": "Asia/Colombo",
    "offset": 5.5,
    "current_time": "2021-09-04 19:29:59.400+0530",
    "current_time_unix": 1630763999.4,
    "is_dst": false,
    "dst_savings": 0
  }
}{
  "ip": "123.231.126.109",
  "continent_code": "AS",
  "continent_name": "Asia",
  "country_code2": "LK",
  "country_code3": "LKA",
  "country_name": "Sri Lanka",
  "country_capital": "Colombo",
  "state_prov": "Western",
  "district": "Union Place",
  "city": "Colombo",
  "zipcode": "",
  "latitude": "6.91878",
  "longitude": "79.86113",
  "is_eu": false,
  "calling_code": "+94",
  "country_tld": ".lk",
  "languages": "si,ta,en",
  "country_flag": "https://ipgeolocation.io/static/flags/lk_64.png",
  "geoname_id": "11984772",
  "isp": "MTT Network (Pvt) Ltd",
  "connection_type": "",
  "organization": "Dialog Axiata Plc",
  "currency": {
    "code": "LKR",
    "name": "Sri Lanka Rupee",
    "symbol": "₨"
  },
  "time_zone": {
    "name": "Asia/Colombo",
    "offset": 5.5,
    "current_time": "2021-09-04 19:30:30.210+0530",
    "current_time_unix": 1630764030.21,
    "is_dst": false,
    "dst_savings": 0
  }
}{
  "ip": "123.231.126.109",
  "continent_code": "AS",
  "continent_name": "Asia",
  "country_code2": "LK",
  "country_code3": "LKA",
  "country_name": "Sri Lanka",
  "country_capital": "Colombo",
  "state_prov": "Western",
  "district": "Union Place",
  "city": "Colombo",
  "zipcode": "",
  "latitude": "6.91878",
  "longitude": "79.86113",
  "is_eu": false,
  "calling_code": "+94",
  "country_tld": ".lk",
  "languages": "si,ta,en",
  "country_flag": "https://ipgeolocation.io/static/flags/lk_64.png",
  "geoname_id": "11984772",
  "isp": "MTT Network (Pvt) Ltd",
  "connection_type": "",
  "organization": "Dialog Axiata Plc",
  "currency": {
    "code": "LKR",
    "name": "Sri Lanka Rupee",
    "symbol": "₨"
  },
  "time_zone": {
    "name": "Asia/Colombo",
    "offset": 5.5,
    "current_time": "2021-09-04 19:33:16.524+0530",
    "current_time_unix": 1630764196.524,
    "is_dst": false,
    "dst_savings": 0
  }
}{
  "ip": "123.231.126.109",
  "continent_code": "AS",
  "continent_name": "Asia",
  "country_code2": "LK",
  "country_code3": "LKA",
  "country_name": "Sri Lanka",
  "country_capital": "Colombo",
  "state_prov": "Western",
  "district": "Union Place",
  "city": "Colombo",
  "zipcode": "",
  "latitude": "6.91878",
  "longitude": "79.86113",
  "is_eu": false,
  "calling_code": "+94",
  "country_tld": ".lk",
  "languages": "si,ta,en",
  "country_flag": "https://ipgeolocation.io/static/flags/lk_64.png",
  "geoname_id": "11984772",
  "isp": "MTT Network (Pvt) Ltd",
  "connection_type": "",
  "organization": "Dialog Axiata Plc",
  "currency": {
    "code": "LKR",
    "name": "Sri Lanka Rupee",
    "symbol": "₨"
  },
  "time_zone": {
    "name": "Asia/Colombo",
    "offset": 5.5,
    "current_time": "2021-09-04 19:35:37.640+0530",
    "current_time_unix": 1630764337.64,
    "is_dst": false,
    "dst_savings": 0
  }
}{
  "ip": "123.231.126.109",
  "continent_code": "AS",
  "continent_name": "Asia",
  "country_code2": "LK",
  "country_code3": "LKA",
  "country_name": "Sri Lanka",
  "country_capital": "Colombo",
  "state_prov": "Western",
  "district": "Union Place",
  "city": "Colombo",
  "zipcode": "",
  "latitude": "6.91878",
  "longitude": "79.86113",
  "is_eu": false,
  "calling_code": "+94",
  "country_tld": ".lk",
  "languages": "si,ta,en",
  "country_flag": "https://ipgeolocation.io/static/flags/lk_64.png",
  "geoname_id": "11984772",
  "isp": "MTT Network (Pvt) Ltd",
  "connection_type": "",
  "organization": "Dialog Axiata Plc",
  "currency": {
    "code": "LKR",
    "name": "Sri Lanka Rupee",
    "symbol": "₨"
  },
  "time_zone": {
    "name": "Asia/Colombo",
    "offset": 5.5,
    "current_time": "2021-09-04 19:38:44.230+0530",
    "current_time_unix": 1630764524.23,
    "is_dst": false,
    "dst_savings": 0
  }
}{
  "ip": "123.231.126.109",
  "continent_code": "AS",
  "continent_name": "Asia",
  "country_code2": "LK",
  "country_code3": "LKA",
  "country_name": "Sri Lanka",
  "country_capital": "Colombo",
  "state_prov": "Western",
  "district": "Union Place",
  "city": "Colombo",
  "zipcode": "",
  "latitude": "6.91878",
  "longitude": "79.86113",
  "is_eu": false,
  "calling_code": "+94",
  "country_tld": ".lk",
  "languages": "si,ta,en",
  "country_flag": "https://ipgeolocation.io/static/flags/lk_64.png",
  "geoname_id": "11984772",
  "isp": "MTT Network (Pvt) Ltd",
  "connection_type": "",
  "organization": "Dialog Axiata Plc",
  "currency": {
    "code": "LKR",
    "name": "Sri Lanka Rupee",
    "symbol": "₨"
  },
  "time_zone": {
    "name": "Asia/Colombo",
    "offset": 5.5,
    "current_time": "2021-09-04 19:39:02.066+0530",
    "current_time_unix": 1630764542.066,
    "is_dst": false,
    "dst_savings": 0
  }
}{
  "ip": "123.231.126.109",
  "continent_code": "AS",
  "continent_name": "Asia",
  "country_code2": "LK",
  "country_code3": "LKA",
  "country_name": "Sri Lanka",
  "country_capital": "Colombo",
  "state_prov": "Western",
  "district": "Union Place",
  "city": "Colombo",
  "zipcode": "",
  "latitude": "6.91878",
  "longitude": "79.86113",
  "is_eu": false,
  "calling_code": "+94",
  "country_tld": ".lk",
  "languages": "si,ta,en",
  "country_flag": "https://ipgeolocation.io/static/flags/lk_64.png",
  "geoname_id": "11984772",
  "isp": "MTT Network (Pvt) Ltd",
  "connection_type": "",
  "organization": "Dialog Axiata Plc",
  "currency": {
    "code": "LKR",
    "name": "Sri Lanka Rupee",
    "symbol": "₨"
  },
  "time_zone": {
    "name": "Asia/Colombo",
    "offset": 5.5,
    "current_time": "2021-09-04 19:45:26.878+0530",
    "current_time_unix": 1630764926.878,
    "is_dst": false,
    "dst_savings": 0
  }
}{
  "ip": "123.231.126.109",
  "continent_code": "AS",
  "continent_name": "Asia",
  "country_code2": "LK",
  "country_code3": "LKA",
  "country_name": "Sri Lanka",
  "country_capital": "Colombo",
  "state_prov": "Western",
  "district": "Union Place",
  "city": "Colombo",
  "zipcode": "",
  "latitude": "6.91878",
  "longitude": "79.86113",
  "is_eu": false,
  "calling_code": "+94",
  "country_tld": ".lk",
  "languages": "si,ta,en",
  "country_flag": "https://ipgeolocation.io/static/flags/lk_64.png",
  "geoname_id": "11984772",
  "isp": "MTT Network (Pvt) Ltd",
  "connection_type": "",
  "organization": "Dialog Axiata Plc",
  "currency": {
    "code": "LKR",
    "name": "Sri Lanka Rupee",
    "symbol": "₨"
  },
  "time_zone": {
    "name": "Asia/Colombo",
    "offset": 5.5,
    "current_time": "2021-09-04 19:49:24.838+0530",
    "current_time_unix": 1630765164.838,
    "is_dst": false,
    "dst_savings": 0
  }
}{
  "ip": "123.231.126.109",
  "continent_code": "AS",
  "continent_name": "Asia",
  "country_code2": "LK",
  "country_code3": "LKA",
  "country_name": "Sri Lanka",
  "country_capital": "Colombo",
  "state_prov": "Western",
  "district": "Union Place",
  "city": "Colombo",
  "zipcode": "",
  "latitude": "6.91878",
  "longitude": "79.86113",
  "is_eu": false,
  "calling_code": "+94",
  "country_tld": ".lk",
  "languages": "si,ta,en",
  "country_flag": "https://ipgeolocation.io/static/flags/lk_64.png",
  "geoname_id": "11984772",
  "isp": "MTT Network (Pvt) Ltd",
  "connection_type": "",
  "organization": "Dialog Axiata Plc",
  "currency": {
    "code": "LKR",
    "name": "Sri Lanka Rupee",
    "symbol": "₨"
  },
  "time_zone": {
    "name": "Asia/Colombo",
    "offset": 5.5,
    "current_time": "2021-09-04 19:52:19.940+0530",
    "current_time_unix": 1630765339.94,
    "is_dst": false,
    "dst_savings": 0
  }
}{
  "ip": "123.231.126.109",
  "continent_code": "AS",
  "continent_name": "Asia",
  "country_code2": "LK",
  "country_code3": "LKA",
  "country_name": "Sri Lanka",
  "country_capital": "Colombo",
  "state_prov": "Western",
  "district": "Union Place",
  "city": "Colombo",
  "zipcode": "",
  "latitude": "6.91878",
  "longitude": "79.86113",
  "is_eu": false,
  "calling_code": "+94",
  "country_tld": ".lk",
  "languages": "si,ta,en",
  "country_flag": "https://ipgeolocation.io/static/flags/lk_64.png",
  "geoname_id": "11984772",
  "isp": "MTT Network (Pvt) Ltd",
  "connection_type": "",
  "organization": "Dialog Axiata Plc",
  "currency": {
    "code": "LKR",
    "name": "Sri Lanka Rupee",
    "symbol": "₨"
  },
  "time_zone": {
    "name": "Asia/Colombo",
    "offset": 5.5,
    "current_time": "2021-09-04 19:53:54.717+0530",
    "current_time_unix": 1630765434.717,
    "is_dst": false,
    "dst_savings": 0
  }
}